Package: FlexibleSUSY
Version: 1.0.1
Date:    Sat, 21 Jun 2014 19:54:55 +0930

# Platform information

hostname = dylan-ThinkPad-Edge-E540
uname -m = x86_64
uname -r = 3.13.0-29-generic
uname -s = Linux
uname -v = #53-Ubuntu SMP Wed Jun 4 21:00:20 UTC 2014
Machine word size: 64

PATH: /opt/OpenPrinting-Gutenprint/sbin
PATH: /opt/OpenPrinting-Gutenprint/bin
PATH: /usr/local/sbin
PATH: /usr/local/bin
PATH: /usr/sbin
PATH: /usr/bin
PATH: /sbin
PATH: /bin
PATH: /usr/games
PATH: /usr/local/games

Checking for RGE solver algorithms ... 
   Result: ok (two_scale)
   Algorithms: two_scale
Checking for dpkg-architecture ... 
   Result: x86_64-linux-gnu
Checking for C++ compiler g++ ... 
   Result: found /usr/bin/g++
Checking for type of C++ compiler g++ ... 
   Result: GNU
C++ compiler type: gnu
Checking for g++ compiler version >= 4.4.7 ... 
   Result: ok (version 4.8.2)
   Required g++ version: 4.4.7
   g++ version found: 4.8.2
Checking for C++ file dependency generator g++ ... 
   Result: found /usr/bin/g++
Checking for type of C++ file dependency generator g++ ... 
   Result: GNU
C++ dependency generator type: gnu
Checking for g++ dependency generator version ... 
   Result: 4.8.2
   g++ dependency generator version found: 4.8.2
Checking for Fortran compiler gfortran ... 
   Result: found /usr/bin/gfortran
Note: Adding -frecursive to FFLAGS for thread safety.
Checking for Fortran file dependency generator gfortran ... 
   Result: found /usr/bin/gfortran
Checking for boost/version.hpp ... 
   Result: found in /usr/include
Checking for boost version >= 1.49.0 ... 
===================================
Trying to compile test program
   Status: compilation successful.
Running executable: ./conftest.x
The executable returned exit code: 0
The executable produced output:
1.55.0
===================================

   Result: ok (version 1.55.0)
   Required boost version: 1.49.0
   Boost version found: 1.55.0
Checking for boost/test/unit_test.hpp ... 
   Result: found in /usr/include
Checking for libboost_unit_test_framework ... 
   Result: found in /usr/lib/x86_64-linux-gnu
Checking for Eigen/Core ... 
   Result: found in /usr/include/eigen3
Checking for libgfortran ... 
   Result: found in /usr/lib/gcc/x86_64-linux-gnu/4.8/
Checking for GSL configuration gsl-config ... 
   Result: found /usr/bin/gsl-config
pkg-config does not manage lapack
Checking for liblapack ... 
   Result: found in /usr/lib
 Checking in /usr/lib
  /usr/lib/liblapack.a readable
Checking for dgbsv_ in /usr/lib/liblapack.a ... symbol found
   Result: ok
Checking for build library command ar cru ... 
   Result: found /usr/bin/ar
Checking for random number generator ... 
===================================
Trying to compile test program with
   Header: #include <random>
   Statement: std::minstd_rand generator; std::uniform_real_distribution<double> distribution(0., 1.);

Trying to compile test program
   Status: compilation successful.
Running executable: ./conftest.x
The executable returned exit code: 0
The executable produced no output.
===================================

   Result: ok
Enabling random number generator: #define ENABLE_RANDOM 1
Checking for std::thread ... 
===================================
Trying to compile test program with
   Header: #include <thread>
#include <mutex>
   Statement: std::mutex mtx; std::thread thr;

Trying to compile test program
   Status: compilation successful.
Running executable: ./conftest.x
The executable returned exit code: 0
The executable produced no output.
===================================

   Result: ok
Checking for libpthread ... 
   Result: found in /usr/lib/x86_64-linux-gnu
Checking for models ... 
Note: No start script not found in models/E6SSM

Note: No FlexibleSUSY model file found in models/E6SSM

Note: No start script not found in models/genericE6SSM

Note: No FlexibleSUSY model file found in models/genericE6SSM

   Result: ok (E6SSM genericE6SSM)
   Models: models/E6SSM models/genericE6SSM
Disabling colored output
   #undef ENABLE_COLOR
Disabling debug mode
   #undef ENABLE_DEBUG
Disabling usage of fflite
   #undef ENABLE_FFLITE
Disabling usage of LoopTools
   #undef ENABLE_LOOPTOOLS
Disabling silent mode
   #undef ENABLE_SILENT
Enabling multi-threading
   #define ENABLE_THREADS 1
Executing clean-up actions:
rm -f "./conftest.x" "./conftest.cpp" "./conftest.log"
